\BOOKMARK [0][-]{section*.1}{\376\377\000R\000e\000s\000u\000m\000o}{}% 1
\BOOKMARK [0][-]{section*.2}{\376\377\000A\000b\000s\000t\000r\000a\000c\000t}{}% 2
\BOOKMARK [0][-]{section*.3}{\376\377\000A\000g\000r\000a\000d\000e\000c\000i\000m\000e\000n\000t\000o\000s}{}% 3
\BOOKMARK [0][-]{section*.5}{\376\377\000\315\000n\000d\000i\000c\000e\000\040\000d\000e\000\040\000t\000a\000b\000e\000l\000a\000s}{}% 4
\BOOKMARK [0][-]{section*.6}{\376\377\000\315\000n\000d\000i\000c\000e\000\040\000d\000e\000\040\000f\000i\000g\000u\000r\000a\000s}{}% 5
\BOOKMARK [0][-]{section*.7}{\376\377\000L\000i\000s\000t\000a\000\040\000d\000e\000\040\000a\000b\000r\000e\000v\000i\000a\000t\000u\000r\000a\000s}{}% 6
\BOOKMARK [0][-]{section*.8}{\376\377\000L\000i\000s\000t\000a\000\040\000d\000e\000\040\000s\000i\000g\000l\000a\000s\000\040\000e\000\040\000a\000c\000r\000\363\000n\000i\000m\000o\000s}{}% 7
\BOOKMARK [0][-]{section*.9}{\376\377\000L\000i\000s\000t\000a\000\040\000d\000e\000\040\000s\000\355\000m\000b\000o\000l\000o\000s}{}% 8
\BOOKMARK [0][-]{chapter.1}{\376\377\000I\000n\000t\000r\000o\000d\000u\000\347\000\343\000o}{}% 9
\BOOKMARK [1][-]{section.1.1}{\376\377\000T\000h\000e\000\040\000L\000o\000o\000p\000\040\000C\000o\000.}{chapter.1}% 10
\BOOKMARK [1][-]{section.1.2}{\376\377\000D\000o\000\040\000Z\000e\000r\000o\000o}{chapter.1}% 11
\BOOKMARK [1][-]{section.1.3}{\376\377\000I\000n\000s\000t\000i\000t\000u\000t\000o\000\040\000S\000u\000p\000e\000r\000i\000o\000r\000\040\000d\000e\000\040\000E\000n\000g\000e\000n\000h\000a\000r\000i\000a\000\040\000d\000e\000\040\000C\000o\000i\000m\000b\000r\000a\000\040\000\050\000I\000S\000E\000C\000\051}{chapter.1}% 12
\BOOKMARK [1][-]{section.1.4}{\376\377\000Z\000e\000r\000o\000\040\000C\000u\000p\000s\000:\000\040\000M\000o\000b\000i\000l\000e\000\040\000d\000e\000v\000e\000l\000o\000p\000m\000e\000n\000t}{chapter.1}% 13
\BOOKMARK [1][-]{section.1.5}{\376\377\000M\000e\000t\000o\000d\000o\000l\000o\000g\000i\000a\000s\000\040\000d\000e\000\040\000t\000r\000a\000b\000a\000l\000h\000o}{chapter.1}% 14
\BOOKMARK [1][-]{section.1.6}{\376\377\000E\000s\000t\000r\000u\000t\000u\000r\000a\000\040\000d\000o\000\040\000r\000e\000l\000a\000t\000\363\000r\000i\000o}{chapter.1}% 15
\BOOKMARK [0][-]{chapter.2}{\376\377\000Z\000e\000r\000o\000o\000\040\000C\000u\000p\000s}{}% 16
\BOOKMARK [0][-]{chapter.3}{\376\377\000F\000e\000r\000r\000a\000m\000e\000n\000t\000a\000s\000\040\000e\000\040\000T\000e\000c\000n\000o\000l\000o\000g\000i\000a\000s}{}% 17
\BOOKMARK [1][-]{section.3.1}{\376\377\000V\000i\000s\000u\000a\000l\000\040\000S\000t\000u\000d\000i\000o\000\040\000C\000o\000d\000e}{chapter.3}% 18
\BOOKMARK [2][-]{subsection.3.1.1}{\376\377\000O\000\040\000q\000u\000e\000\040\000\351\000\040\000o\000\040\000V\000i\000s\000u\000a\000l\000\040\000S\000t\000u\000d\000i\000o\000\040\000C\000o\000d\000e\000?}{section.3.1}% 19
\BOOKMARK [2][-]{subsection.3.1.2}{\376\377\000E\000x\000t\000e\000n\000s\000\365\000e\000s}{section.3.1}% 20
\BOOKMARK [1][-]{section.3.2}{\376\377\000D\000o\000c\000k\000e\000r}{chapter.3}% 21
\BOOKMARK [1][-]{section.3.3}{\376\377\000M\000i\000c\000r\000o\000s\000o\000f\000t\000\040\000T\000e\000a\000m\000s}{chapter.3}% 22
\BOOKMARK [1][-]{section.3.4}{\376\377\000C\000l\000i\000c\000k\000u\000p}{chapter.3}% 23
\BOOKMARK [1][-]{section.3.5}{\376\377\000G\000i\000t}{chapter.3}% 24
\BOOKMARK [1][-]{section.3.6}{\376\377\000G\000i\000t\000L\000a\000b}{chapter.3}% 25
\BOOKMARK [1][-]{section.3.7}{\376\377\000R\000u\000b\000y\000\040\000o\000n\000\040\000R\000a\000i\000l\000s}{chapter.3}% 26
\BOOKMARK [1][-]{section.3.8}{\376\377\000H\000o\000t\000w\000i\000r\000e}{chapter.3}% 27
\BOOKMARK [1][-]{section.3.9}{\376\377\000T\000u\000r\000b\000o\000\040\000F\000r\000a\000m\000e\000s}{chapter.3}% 28
\BOOKMARK [1][-]{section.3.10}{\376\377\000T\000u\000r\000b\000o\000\040\000S\000t\000r\000e\000a\000m\000s}{chapter.3}% 29
\BOOKMARK [1][-]{section.3.11}{\376\377\000S\000t\000i\000m\000u\000l\000u\000s}{chapter.3}% 30
\BOOKMARK [0][-]{chapter.4}{\376\377\000C\000o\000n\000c\000l\000u\000s\000\343\000o}{}% 31
\BOOKMARK [0][-]{chapter.5}{\376\377\000R\000e\000f\000e\000r\000\352\000n\000c\000i\000a\000s\000\040\000B\000i\000b\000l\000i\000o\000g\000r\000\341\000f\000i\000c\000a\000s}{}% 32
\BOOKMARK [0][-]{section*.15}{\376\377\000R\000e\000f\000e\000r\000\352\000n\000c\000i\000a\000s\000\040\000b\000i\000b\000l\000i\000o\000g\000r\000\341\000f\000i\000c\000a\000s}{}% 33
\BOOKMARK [0][-]{section*.17}{\376\377\000A\000n\000e\000x\000o\000s}{}% 34
\BOOKMARK [1][-]{section*.19}{\376\377\000A\000n\000e\000x\000o\000\040\000A\000\040\000-\000\040\000T\000\355\000t\000u\000l\000o\000\040\000d\000o\000\040\000A\000n\000e\000x\000o\000\040\000A}{section*.17}% 35
\BOOKMARK [1][-]{section*.21}{\376\377\000A\000n\000e\000x\000o\000\040\000B\000\040\000-\000\040\000T\000\355\000t\000u\000l\000o\000\040\000d\000o\000\040\000A\000n\000e\000x\000o\000\040\000B}{section*.17}% 36
